Arguments: 
  /usr/bin/node /home/akuamakana/.yarn/bin/yarn.js add -D @types/formik

PATH: 
  /home/akuamakana/.yarn/bin:/home/akuamakana/.config/yarn/global/node_modules/.bin:/home/akuamakana/.yarn/bin:/home/akuamakana/.config/yarn/global/node_modules/.bin:/home/akuamakana/.local/bin:/usr/local/sbin:/usr/local/bin:/usr/sbin:/usr/bin:/sbin:/bin:/usr/games:/usr/local/games:/snap/bin:/snap/bin

Yarn version: 
  1.22.15

Node version: 
  14.18.1

Platform: 
  linux x64

Trace: 
  Error: https://registry.yarnpkg.com/@types%2fformik: Not found
      at Request.params.callback [as _callback] (/home/akuamakana/.yarn/lib/cli.js:67031:18)
      at Request.self.callback (/home/akuamakana/.yarn/lib/cli.js:140885:22)
      at Request.emit (events.js:400:28)
      at Request.<anonymous> (/home/akuamakana/.yarn/lib/cli.js:141857:10)
      at Request.emit (events.js:400:28)
      at IncomingMessage.<anonymous> (/home/akuamakana/.yarn/lib/cli.js:141779:12)
      at Object.onceWrapper (events.js:519:28)
      at IncomingMessage.emit (events.js:412:35)
      at endReadableNT (internal/streams/readable.js:1334:12)
      at processTicksAndRejections (internal/process/task_queues.js:82:21)

npm manifest: 
  No manifest

yarn manifest: 
  No manifest

Lockfile: 
  No lockfile
