{"level":"info","message":"Server is running on http://localhost:3001","timestamp":"2021-10-19 12:16:30"}
{"level":"info","message":"Server is running on http://localhost:3001","timestamp":"2021-10-19 12:19:27"}
{"level":"info","message":"Server is running on http://localhost:3001","timestamp":"2021-10-19 12:21:05"}
{"level":"info","message":"Server is running on http://localhost:3001","timestamp":"2021-10-19 12:21:17"}
{"level":"info","message":"Server is running on http://localhost:3001","timestamp":"2021-10-19 12:21:20"}
{"level":"info","message":"Server is running on http://localhost:3001","timestamp":"2021-10-19 12:21:29"}
{"level":"info","message":"Server is running on http://localhost:3001","timestamp":"2021-10-19 12:21:30"}
{"level":"info","message":"Server is running on http://localhost:3001","timestamp":"2021-10-19 12:21:32"}
{"level":"info","message":"Server is running on http://localhost:3001","timestamp":"2021-10-19 12:21:34"}
{"level":"info","message":"Server is running on http://localhost:3001","timestamp":"2021-10-19 12:21:40"}
{"level":"info","message":"Server is running on http://localhost:3001","timestamp":"2021-10-19 12:21:44"}
{"level":"info","message":"Server is running on http://localhost:3001","timestamp":"2021-10-19 12:21:47"}
{"level":"info","message":"Server is running on http://localhost:3001","timestamp":"2021-10-19 12:21:50"}
{"level":"info","message":"Server is running on http://localhost:3001","timestamp":"2021-10-19 12:33:05"}
{"level":"info","message":"Server is running on http://localhost:3001","timestamp":"2021-10-19 12:34:20"}
{"level":"info","message":"Server is running on http://localhost:3001","timestamp":"2021-10-19 12:34:25"}
{"level":"info","message":"Server is running on http://localhost:3001","timestamp":"2021-10-19 12:34:41"}
{"level":"info","message":"Server is running on http://localhost:3001","timestamp":"2021-10-19 12:34:44"}
{"level":"info","message":"Server is running on http://localhost:3001","timestamp":"2021-10-19 12:34:54"}
{"level":"error","message":"Validation Error","stack":"Error: Validation Error\n    at /home/akuamakana/Source/Repos/splat/server/dist/controllers/auth.js:48:19\n    at Generator.next (<anonymous>)\n    at fulfilled (/home/akuamakana/Source/Repos/splat/server/dist/controllers/auth.js:24:58)","timestamp":"2021-10-19 12:35:30"}
{"level":"info","message":"Server is running on http://localhost:3001","timestamp":"2021-10-19 12:38:37"}
{"level":"info","message":"Server is running on http://localhost:3001","timestamp":"2021-10-19 12:38:48"}
{"level":"error","message":{"children":[],"constraints":{"isEmail":"email must be an email"},"property":"email","target":{"email":"tes2tgmail.com","password":"$argon2i$v=19$m=4096,t=3,p=1$a9pNggVkw+1RSKh97DQNeg$hEeHyKNHQlTuuGNO9eVXzrwcK9m7tlKrvoIyiwzl8sA","username":"tessss2t"},"value":"tes2tgmail.com"},"timestamp":"2021-10-19 12:38:50"}
{"level":"error","message":"Validation Error","stack":"Error: Validation Error\n    at /home/akuamakana/Source/Repos/splat/server/dist/controllers/auth.js:49:19\n    at Generator.next (<anonymous>)\n    at fulfilled (/home/akuamakana/Source/Repos/splat/server/dist/controllers/auth.js:24:58)","timestamp":"2021-10-19 12:38:50"}
{"level":"info","message":"Server is running on http://localhost:3001","timestamp":"2021-10-19 12:47:59"}
{"level":"info","message":"Server is running on http://localhost:3001","timestamp":"2021-10-19 12:48:17"}
{"level":"info","message":"Server is running on http://localhost:3001","timestamp":"2021-10-19 12:48:20"}
{"level":"info","message":"Server is running on http://localhost:3001","timestamp":"2021-10-19 12:49:21"}
{"level":"error","message":{"children":[],"constraints":{"isEmail":"email must be an email"},"property":"email","target":{"email":"tes2tgmail.com","password":"$argon2i$v=19$m=4096,t=3,p=1$AIKENueuNIecoD2wystYfQ$5KpKbw7zM3piK37TrzNsN0FH5YvGJd8ptRe33H4KJnM","username":"tessss2t"},"value":"tes2tgmail.com"},"timestamp":"2021-10-19 12:49:24"}
{"level":"error","message":"An instance of User has failed the validation:\n - property email has failed the following constraints: isEmail \n","stack":"Error: An instance of User has failed the validation:\n - property email has failed the following constraints: isEmail \n\n    at /home/akuamakana/Source/Repos/splat/server/dist/controllers/auth.js:49:19\n    at Generator.next (<anonymous>)\n    at fulfilled (/home/akuamakana/Source/Repos/splat/server/dist/controllers/auth.js:24:58)","timestamp":"2021-10-19 12:49:24"}
{"level":"info","message":"Server is running on http://localhost:3001","timestamp":"2021-10-19 12:52:10"}
{"level":"info","message":"Server is running on http://localhost:3001","timestamp":"2021-10-19 12:55:44"}
{"level":"info","message":"Server is running on http://localhost:3001","timestamp":"2021-10-19 12:56:10"}
{"level":"info","message":"Server is running on http://localhost:3001","timestamp":"2021-10-19 12:56:14"}
{"level":"info","message":"Server is running on http://localhost:3001","timestamp":"2021-10-19 12:56:29"}
{"level":"info","message":"Server is running on http://localhost:3001","timestamp":"2021-10-19 12:56:31"}
{"level":"info","message":"Server is running on http://localhost:3001","timestamp":"2021-10-19 12:56:33"}
{"level":"info","message":"Server is running on http://localhost:3001","timestamp":"2021-10-19 12:56:35"}
{"level":"info","message":"Server is running on http://localhost:3001","timestamp":"2021-10-19 12:56:39"}
{"level":"info","message":"Server is running on http://localhost:3001","timestamp":"2021-10-19 12:56:43"}
{"level":"info","message":"Server is running on http://localhost:3001","timestamp":"2021-10-19 12:56:46"}
{"level":"info","message":"Server is running on http://localhost:3001","timestamp":"2021-10-19 12:57:08"}
{"level":"info","message":"Server is running on http://localhost:3001","timestamp":"2021-10-19 12:57:16"}
{"level":"info","message":"Server is running on http://localhost:3001","timestamp":"2021-10-19 12:57:41"}
{"level":"info","message":"Server is running on http://localhost:3001","timestamp":"2021-10-19 12:57:52"}
{"level":"info","message":"Server is running on http://localhost:3001","timestamp":"2021-10-19 12:57:53"}
{"level":"info","message":"Server is running on http://localhost:3001","timestamp":"2021-10-19 12:57:57"}
{"level":"info","message":"Server is running on http://localhost:3001","timestamp":"2021-10-19 12:58:14"}
{"level":"info","message":"Server is running on http://localhost:3001","timestamp":"2021-10-19 12:58:21"}
{"level":"info","message":"Server is running on http://localhost:3001","timestamp":"2021-10-19 12:58:23"}
{"level":"info","message":"Server is running on http://localhost:3001","timestamp":"2021-10-19 12:58:29"}
{"level":"info","message":"Server is running on http://localhost:3001","timestamp":"2021-10-19 12:58:36"}
{"level":"info","message":"Server is running on http://localhost:3001","timestamp":"2021-10-19 12:59:07"}
{"level":"info","message":"Server is running on http://localhost:3001","timestamp":"2021-10-19 12:59:10"}
{"level":"info","message":"Server is running on http://localhost:3001","timestamp":"2021-10-19 12:59:16"}
{"level":"info","message":"Server is running on http://localhost:3001","timestamp":"2021-10-19 12:59:21"}
{"level":"info","message":"Server is running on http://localhost:3001","timestamp":"2021-10-19 12:59:30"}
{"level":"info","message":"Server is running on http://localhost:3001","timestamp":"2021-10-19 12:59:34"}
{"level":"info","message":"Server is running on http://localhost:3001","timestamp":"2021-10-19 12:59:42"}
{"level":"info","message":"Server is running on http://localhost:3001","timestamp":"2021-10-19 12:59:45"}
{"level":"info","message":"Server is running on http://localhost:3001","timestamp":"2021-10-19 12:59:50"}
{"level":"info","message":"Server is running on http://localhost:3001","timestamp":"2021-10-19 12:59:52"}
{"level":"info","message":"Server is running on http://localhost:3001","timestamp":"2021-10-19 12:59:54"}
{"level":"info","message":"Server is running on http://localhost:3001","timestamp":"2021-10-19 13:00:27"}
{"level":"info","message":"Server is running on http://localhost:3001","timestamp":"2021-10-19 13:01:07"}
{"level":"info","message":"Server is running on http://localhost:3001","timestamp":"2021-10-19 13:01:39"}
{"level":"info","message":"Server is running on http://localhost:3001","timestamp":"2021-10-19 13:01:57"}
{"level":"info","message":"Server is running on http://localhost:3001","timestamp":"2021-10-19 13:01:58"}
{"level":"info","message":"Server is running on http://localhost:3001","timestamp":"2021-10-19 13:02:16"}
{"level":"info","message":"Server is running on http://localhost:3001","timestamp":"2021-10-19 13:02:45"}
{"level":"info","message":"Server is running on http://localhost:3001","timestamp":"2021-10-19 13:02:47"}
{"level":"info","message":"Server is running on http://localhost:3001","timestamp":"2021-10-19 13:02:48"}
{"level":"info","message":"Server is running on http://localhost:3001","timestamp":"2021-10-19 13:03:00"}
{"level":"info","message":"Server is running on http://localhost:3001","timestamp":"2021-10-19 13:03:09"}
{"level":"info","message":"Server is running on http://localhost:3001","timestamp":"2021-10-19 13:03:15"}
{"level":"info","message":"Server is running on http://localhost:3001","timestamp":"2021-10-19 13:03:19"}
{"level":"error","message":"An instance of User has failed the validation:\n - property email has failed the following constraints: isEmail \n","stack":"Error: An instance of User has failed the validation:\n - property email has failed the following constraints: isEmail \n\n    at /home/akuamakana/Source/Repos/splat/server/dist/controllers/auth.js:48:19\n    at Generator.next (<anonymous>)\n    at fulfilled (/home/akuamakana/Source/Repos/splat/server/dist/controllers/auth.js:24:58)","timestamp":"2021-10-19 13:06:27"}
{"level":"info","message":"Server is running on http://localhost:3001","timestamp":"2021-10-19 13:06:44"}
{"level":"info","message":"Server is running on http://localhost:3001","timestamp":"2021-10-19 13:06:46"}
{"level":"info","message":"Server is running on http://localhost:3001","timestamp":"2021-10-19 13:11:32"}
{"level":"info","message":"Server is running on http://localhost:3001","timestamp":"2021-10-19 13:11:35"}
{"level":"info","message":"Server is running on http://localhost:3001","timestamp":"2021-10-19 13:11:42"}
{"level":"info","message":"Server is running on http://localhost:3001","timestamp":"2021-10-19 13:11:59"}
{"level":"info","message":"Server is running on http://localhost:3001","timestamp":"2021-10-19 13:12:42"}
{"level":"info","message":"Server is running on http://localhost:3001","timestamp":"2021-10-19 13:35:05"}
{"level":"info","message":"Server is running on http://localhost:3001","timestamp":"2021-10-19 13:48:59"}
{"level":"info","message":"Server is running on http://localhost:3001","timestamp":"2021-10-19 13:50:11"}
{"level":"info","message":"Server is running on http://localhost:3001","timestamp":"2021-10-19 13:50:21"}
{"level":"info","message":"Server is running on http://localhost:3001","timestamp":"2021-10-19 13:50:47"}
{"level":"info","message":"Server is running on http://localhost:3001","timestamp":"2021-10-19 13:51:10"}
{"level":"info","message":"Server is running on http://localhost:3001","timestamp":"2021-10-19 13:51:27"}
{"level":"info","message":"Server is running on http://localhost:3001","timestamp":"2021-10-19 13:51:28"}
{"level":"info","message":"Server is running on http://localhost:3001","timestamp":"2021-10-19 13:51:38"}
{"level":"info","message":"Server is running on http://localhost:3001","timestamp":"2021-10-19 13:51:41"}
{"level":"info","message":"Server is running on http://localhost:3001","timestamp":"2021-10-19 13:51:44"}
{"level":"info","message":"Server is running on http://localhost:3001","timestamp":"2021-10-19 13:51:49"}
{"level":"info","message":"Server is running on http://localhost:3001","timestamp":"2021-10-19 13:51:54"}
{"level":"info","message":"Server is running on http://localhost:3001","timestamp":"2021-10-19 13:51:58"}
{"level":"info","message":"Server is running on http://localhost:3001","timestamp":"2021-10-19 13:52:02"}
{"level":"info","message":"Server is running on http://localhost:3001","timestamp":"2021-10-19 13:52:03"}
{"level":"info","message":"Server is running on http://localhost:3001","timestamp":"2021-10-19 13:52:11"}
{"level":"info","message":"Server is running on http://localhost:3001","timestamp":"2021-10-19 13:52:56"}
{"level":"info","message":"Server is running on http://localhost:3001","timestamp":"2021-10-19 13:53:00"}
{"level":"info","message":"Server is running on http://localhost:3001","timestamp":"2021-10-19 13:53:04"}
{"level":"info","message":"Server is running on http://localhost:3001","timestamp":"2021-10-19 13:53:19"}
{"level":"info","message":"Server is running on http://localhost:3001","timestamp":"2021-10-19 13:53:24"}
{"level":"info","message":"Server is running on http://localhost:3001","timestamp":"2021-10-19 13:53:31"}
{"level":"info","message":"Server is running on http://localhost:3001","timestamp":"2021-10-19 13:53:34"}
{"level":"info","message":"Server is running on http://localhost:3001","timestamp":"2021-10-19 13:54:13"}
{"level":"info","message":"Server is running on http://localhost:3001","timestamp":"2021-10-19 13:54:15"}
{"level":"info","message":"Server is running on http://localhost:3001","timestamp":"2021-10-19 13:58:33"}
{"level":"info","message":"Server is running on http://localhost:3001","timestamp":"2021-10-19 13:58:39"}
{"level":"info","message":"Server is running on http://localhost:3001","timestamp":"2021-10-19 13:58:42"}
{"level":"info","message":"Server is running on http://localhost:3001","timestamp":"2021-10-19 13:58:51"}
{"level":"info","message":"Server is running on http://localhost:3001","timestamp":"2021-10-19 13:58:58"}
{"level":"info","message":"Server is running on http://localhost:3001","timestamp":"2021-10-19 14:01:50"}
{"level":"info","message":"Server is running on http://localhost:3001","timestamp":"2021-10-19 14:01:54"}
{"level":"info","message":"Server is running on http://localhost:3001","timestamp":"2021-10-19 14:02:02"}
{"level":"info","message":"Server is running on http://localhost:3001","timestamp":"2021-10-19 14:02:12"}
{"level":"info","message":"Server is running on http://localhost:3001","timestamp":"2021-10-19 14:02:14"}
{"level":"info","message":"Server is running on http://localhost:3001","timestamp":"2021-10-20 09:24:05"}
{"level":"info","message":"Server is running on http://localhost:3001","timestamp":"2021-10-20 09:26:28"}
{"level":"info","message":"Server is running on http://localhost:3001","timestamp":"2021-10-20 09:26:31"}
{"level":"info","message":"Server is running on http://localhost:3001","timestamp":"2021-10-20 09:26:33"}
{"level":"info","message":"Server is running on http://localhost:3001","timestamp":"2021-10-20 09:26:40"}
{"level":"info","message":"Server is running on http://localhost:3001","timestamp":"2021-10-20 09:26:55"}
{"level":"info","message":"Server is running on http://localhost:3001","timestamp":"2021-10-20 09:44:28"}
{"level":"info","message":"Server is running on http://localhost:3001","timestamp":"2021-10-20 10:39:48"}
{"level":"info","message":"Server is running on http://localhost:3001","timestamp":"2021-10-20 10:39:58"}
{"level":"info","message":"Server is running on http://localhost:3001","timestamp":"2021-10-20 10:40:50"}
{"level":"info","message":"Server is running on http://localhost:3001","timestamp":"2021-10-20 10:40:57"}
{"level":"info","message":"Server is running on http://localhost:3001","timestamp":"2021-10-20 10:47:50"}
{"level":"info","message":"Server is running on http://localhost:3001","timestamp":"2021-10-20 11:01:56"}
{"level":"info","message":"Server is running on http://localhost:3001","timestamp":"2021-10-20 11:08:20"}
{"level":"info","message":"Server is running on http://localhost:3001","timestamp":"2021-10-20 11:08:22"}
{"level":"info","message":"Server is running on http://localhost:3001","timestamp":"2021-10-20 11:08:25"}
{"level":"info","message":"Server is running on http://localhost:3001","timestamp":"2021-10-20 11:09:28"}
{"level":"info","message":"Server is running on http://localhost:3001","timestamp":"2021-10-20 11:09:33"}
{"level":"info","message":"Server is running on http://localhost:3001","timestamp":"2021-10-20 11:26:19"}
{"level":"info","message":"Saved a new user with id: 3","timestamp":"2021-10-20 11:26:53"}
{"level":"info","message":"Server is running on http://localhost:3001","timestamp":"2021-10-20 11:30:06"}
{"level":"info","message":"Server is running on http://localhost:3001","timestamp":"2021-10-20 11:30:17"}
{"level":"info","message":"Server is running on http://localhost:3001","timestamp":"2021-10-20 11:30:20"}
{"level":"info","message":"Server is running on http://localhost:3001","timestamp":"2021-10-20 11:30:24"}
{"level":"info","message":"Server is running on http://localhost:3001","timestamp":"2021-10-20 11:30:30"}
{"level":"info","message":"Server is running on http://localhost:3001","timestamp":"2021-10-20 11:30:32"}
{"level":"info","message":"Server is running on http://localhost:3001","timestamp":"2021-10-20 11:30:48"}
{"level":"info","message":"Server is running on http://localhost:3001","timestamp":"2021-10-20 11:38:09"}
{"level":"info","message":"Server is running on http://localhost:3001","timestamp":"2021-10-20 11:39:04"}
{"level":"info","message":"Server is running on http://localhost:3001","timestamp":"2021-10-20 11:39:06"}
